[12/Jun/2026 10:06:07] "GET / HTTP/1.1" 200 428
[12/Jun/2026 10:06:07] "GET / HTTP/1.1" 200 428
[12/Jun/2026 10:06:07,144] - Broken pipe from ('127.0.0.1', 63394)
[12/Jun/2026 10:06:07] "GET / HTTP/1.1" 200 428
[12/Jun/2026 10:06:07] "GET /assets/index-CtreVj0T.css HTTP/1.1" 200 41463
[12/Jun/2026 10:06:07] "GET /assets/index-CsrTxnBt.js HTTP/1.1" 200 435934
[12/Jun/2026 10:06:07] "GET /favicon.ico HTTP/1.1" 200 428
[12/Jun/2026 10:06:07] "POST /v1/auth/me HTTP/1.1" 200 1153
[12/Jun/2026 10:06:07] "GET /favicon.ico HTTP/1.1" 200 428
[12/Jun/2026 10:06:07] "GET /icons/teacher-mask.png HTTP/1.1" 200 428
[12/Jun/2026 10:06:07] "GET /icons/rating-mask.png HTTP/1.1" 200 428
[12/Jun/2026 10:06:07] "GET /icons/finance-mask.png HTTP/1.1" 200 428
[12/Jun/2026 10:06:07] "GET /icons/settings-mask.png HTTP/1.1" 200 428
[12/Jun/2026 10:06:07] "GET /v1/dashboard HTTP/1.1" 200 1189
[12/Jun/2026 10:06:26] "GET / HTTP/1.1" 200 428
[12/Jun/2026 10:06:26] "GET /assets/index-CsrTxnBt.js HTTP/1.1" 200 435934
[12/Jun/2026 10:06:30,914] - Broken pipe from ('10.89.254.167', 64594)
[12/Jun/2026 10:06:32] "GET /favicon.ico HTTP/1.1" 200 428
[12/Jun/2026 10:06:34] "POST /v1/auth/login HTTP/1.1" 200 1566
[12/Jun/2026 10:06:34] "GET /icons/settings-mask.png HTTP/1.1" 200 428
[12/Jun/2026 10:06:34] "GET /icons/rating-mask.png HTTP/1.1" 200 428
[12/Jun/2026 10:06:34] "GET /icons/teacher-mask.png HTTP/1.1" 200 428
[12/Jun/2026 10:06:34] "GET /favicon.ico HTTP/1.1" 200 428
[12/Jun/2026 10:06:34] "GET /v1/dashboard HTTP/1.1" 200 1189
[12/Jun/2026 10:06:37] "GET /favicon.ico HTTP/1.1" 200 428
[12/Jun/2026 10:06:39] "POST /v1/auth/login HTTP/1.1" 200 1650
[12/Jun/2026 10:06:39] "GET /icons/rating-mask.png HTTP/1.1" 200 428
[12/Jun/2026 10:06:39] "GET /icons/finance-mask.png HTTP/1.1" 200 428
[12/Jun/2026 10:06:39] "GET /icons/teacher-mask.png HTTP/1.1" 200 428
[12/Jun/2026 10:06:39] "GET /favicon.ico HTTP/1.1" 200 428
[12/Jun/2026 10:06:39] "GET /icons/settings-mask.png HTTP/1.1" 200 428
[12/Jun/2026 10:06:39] "GET /v1/dashboard HTTP/1.1" 200 1189
[12/Jun/2026 10:10:47] "GET / HTTP/1.1" 200 428
[12/Jun/2026 10:10:47] "GET /assets/index-CtreVj0T.css HTTP/1.1" 200 41463
[12/Jun/2026 10:10:47] "GET /assets/index-CsrTxnBt.js HTTP/1.1" 200 435934
[12/Jun/2026 10:10:48] "GET /favicon.ico HTTP/1.1" 200 428
[12/Jun/2026 10:11:33] "POST /v1/auth/login HTTP/1.1" 200 1117
[12/Jun/2026 10:11:33] "GET /v1/dashboard HTTP/1.1" 200 1189
[12/Jun/2026 10:11:33] "GET /icons/finance-mask.png HTTP/1.1" 200 428
[12/Jun/2026 10:11:33] "GET /favicon.ico HTTP/1.1" 200 428
[12/Jun/2026 10:11:33] "GET /icons/settings-mask.png HTTP/1.1" 200 428
[12/Jun/2026 10:11:51] "GET /dashboard/default HTTP/1.1" 200 428
[12/Jun/2026 10:11:52] "GET /assets/index-CsrTxnBt.js HTTP/1.1" 200 435934
[12/Jun/2026 10:11:52] "GET /assets/index-CtreVj0T.css HTTP/1.1" 200 41463
[12/Jun/2026 10:11:52] "POST /v1/auth/me HTTP/1.1" 200 618
[12/Jun/2026 10:11:52] "GET /favicon.ico HTTP/1.1" 200 428
[12/Jun/2026 10:11:52] "GET /v1/dashboard HTTP/1.1" 200 1189
[12/Jun/2026 10:11:52] "GET /icons/finance-mask.png HTTP/1.1" 200 428
[12/Jun/2026 10:11:52] "GET /icons/settings-mask.png HTTP/1.1" 200 428
